2025-02-24 21:34:28 - WARNING - Could not import config.py. Will use default MongoDB connection.
2025-02-24 21:34:28 - INFO - Starting immediate ML model training
2025-02-24 21:34:28 - INFO - Connecting to MongoDB: mongodb://localhost:27017/
2025-02-24 21:34:28 - INFO - Initializing ML predictor and trainer
2025-02-24 21:34:28 - INFO - Model and scaler loaded successfully
2025-02-24 21:34:28 - INFO - Created directory: ./ml_training_data
2025-02-24 21:34:28 - INFO - Running model training
2025-02-24 21:34:28 - INFO - Starting model training process
2025-02-24 21:34:59 - ERROR - Error getting NASDAQ tickers: localhost:27017: [Errno 61] Connection refused (configured timeouts: socketTimeoutMS: 20000.0ms, connectTimeoutMS: 20000.0ms), Timeout: 30s, Topology Description: <TopologyDescription id: 67bd2c34adb1a2a7f44e726b, topology_type: Unknown, servers: [<ServerDescription ('localhost', 27017) server_type: Unknown, rtt: None, error=AutoReconnect('localhost:27017: [Errno 61] Connection refused (configured timeouts: socketTimeoutMS: 20000.0ms, connectTimeoutMS: 20000.0ms)')>]>
2025-02-24 21:34:59 - INFO - Selected 8 tickers for training: ['AAPL', 'MSFT', 'GOOGL', 'AMZN', 'NVDA', 'META', 'TSLA', 'NFLX']
2025-02-24 21:34:59 - INFO - Fetching intraday data for AAPL
2025-02-24 21:34:59 - INFO - Successfully processed AAPL data with 390 rows
2025-02-24 21:34:59 - INFO - Fetching intraday data for MSFT
2025-02-24 21:34:59 - INFO - Successfully processed MSFT data with 390 rows
2025-02-24 21:34:59 - INFO - Fetching intraday data for GOOGL
2025-02-24 21:34:59 - INFO - Successfully processed GOOGL data with 390 rows
2025-02-24 21:34:59 - INFO - Fetching intraday data for AMZN
2025-02-24 21:34:59 - INFO - Successfully processed AMZN data with 390 rows
2025-02-24 21:34:59 - INFO - Fetching intraday data for NVDA
2025-02-24 21:34:59 - INFO - Successfully processed NVDA data with 390 rows
2025-02-24 21:34:59 - INFO - Fetching intraday data for META
2025-02-24 21:34:59 - INFO - Successfully processed META data with 390 rows
2025-02-24 21:34:59 - INFO - Fetching intraday data for TSLA
2025-02-24 21:35:00 - INFO - Successfully processed TSLA data with 390 rows
2025-02-24 21:35:00 - INFO - Fetching intraday data for NFLX
2025-02-24 21:35:00 - INFO - Successfully processed NFLX data with 390 rows
2025-02-24 21:35:00 - INFO - Fetched 8 new data frames
2025-02-24 21:35:30 - ERROR - Error loading historical data from MongoDB: localhost:27017: [Errno 61] Connection refused (configured timeouts: socketTimeoutMS: 20000.0ms, connectTimeoutMS: 20000.0ms), Timeout: 30s, Topology Description: <TopologyDescription id: 67bd2c34adb1a2a7f44e726b, topology_type: Unknown, servers: [<ServerDescription ('localhost', 27017) server_type: Unknown, rtt: None, error=AutoReconnect('localhost:27017: [Errno 61] Connection refused (configured timeouts: socketTimeoutMS: 20000.0ms, connectTimeoutMS: 20000.0ms)')>]>
2025-02-24 21:35:30 - INFO - Loaded 0 historical data frames
2025-02-24 21:35:30 - INFO - Training XGBoost model...
2025-02-24 21:35:30 - INFO - Model trained with F2 score: 0.4770
2025-02-24 21:35:30 - INFO - Model and scaler saved successfully
2025-02-24 21:35:30 - INFO - Model training completed successfully
2025-02-24 21:35:30 - INFO - Model training completed successfully
2025-02-24 21:37:03 - INFO - Config loaded successfully from local_config.py
2025-02-24 21:37:04 - INFO - Starting immediate ML model training
2025-02-24 21:37:04 - INFO - Connecting to MongoDB: mongodb+srv://shadowguy311:tanki12@cluster0.yjmg8.mongodb.net/?retryWrites=true&w=majority&appName=Cluster0
2025-02-24 21:37:04 - INFO - Initializing ML predictor and trainer
2025-02-24 21:37:04 - INFO - Model and scaler loaded successfully
2025-02-24 21:37:04 - INFO - Running model training
2025-02-24 21:37:04 - INFO - Starting model training process
2025-02-24 21:37:04 - INFO - Selected 20 tickers for training: ['ASML', 'BIIB', 'AVGO', 'ADSK', 'META', 'EA', 'AMD', 'CSCO', 'ANSS', 'WBD', 'MSTR', 'CMCSA', 'ADBE', 'AMGN', 'ISRG', 'COST', 'CTAS', 'ADI', 'KHC', 'CRWD']
2025-02-24 21:37:04 - INFO - Fetching intraday data for ASML
2025-02-24 21:37:04 - INFO - Successfully processed ASML data with 390 rows
2025-02-24 21:37:04 - INFO - Fetching intraday data for BIIB
2025-02-24 21:37:05 - INFO - Successfully processed BIIB data with 390 rows
2025-02-24 21:37:05 - INFO - Fetching intraday data for AVGO
2025-02-24 21:37:05 - INFO - Successfully processed AVGO data with 390 rows
2025-02-24 21:37:05 - INFO - Fetching intraday data for ADSK
2025-02-24 21:37:05 - INFO - Successfully processed ADSK data with 390 rows
2025-02-24 21:37:05 - INFO - Fetching intraday data for META
2025-02-24 21:37:05 - INFO - Successfully processed META data with 390 rows
2025-02-24 21:37:05 - INFO - Fetching intraday data for EA
2025-02-24 21:37:05 - INFO - Successfully processed EA data with 390 rows
2025-02-24 21:37:05 - INFO - Fetching intraday data for AMD
2025-02-24 21:37:05 - INFO - Successfully processed AMD data with 390 rows
2025-02-24 21:37:05 - INFO - Fetching intraday data for CSCO
2025-02-24 21:37:05 - INFO - Successfully processed CSCO data with 390 rows
2025-02-24 21:37:05 - INFO - Fetching intraday data for ANSS
2025-02-24 21:37:05 - INFO - Successfully processed ANSS data with 378 rows
2025-02-24 21:37:05 - INFO - Fetching intraday data for WBD
2025-02-24 21:37:05 - INFO - Successfully processed WBD data with 390 rows
2025-02-24 21:37:05 - INFO - Fetching intraday data for MSTR
2025-02-24 21:37:05 - INFO - Successfully processed MSTR data with 390 rows
2025-02-24 21:37:05 - INFO - Fetching intraday data for CMCSA
2025-02-24 21:37:05 - INFO - Successfully processed CMCSA data with 390 rows
2025-02-24 21:37:05 - INFO - Fetching intraday data for ADBE
2025-02-24 21:37:06 - INFO - Successfully processed ADBE data with 390 rows
2025-02-24 21:37:06 - INFO - Fetching intraday data for AMGN
2025-02-24 21:37:06 - INFO - Successfully processed AMGN data with 390 rows
2025-02-24 21:37:06 - INFO - Fetching intraday data for ISRG
2025-02-24 21:37:06 - INFO - Successfully processed ISRG data with 390 rows
2025-02-24 21:37:06 - INFO - Fetching intraday data for COST
2025-02-24 21:37:06 - INFO - Successfully processed COST data with 390 rows
2025-02-24 21:37:06 - INFO - Fetching intraday data for CTAS
2025-02-24 21:37:06 - INFO - Successfully processed CTAS data with 390 rows
2025-02-24 21:37:06 - INFO - Fetching intraday data for ADI
2025-02-24 21:37:06 - INFO - Successfully processed ADI data with 390 rows
2025-02-24 21:37:06 - INFO - Fetching intraday data for KHC
2025-02-24 21:37:06 - INFO - Successfully processed KHC data with 390 rows
2025-02-24 21:37:06 - INFO - Fetching intraday data for CRWD
2025-02-24 21:37:06 - INFO - Successfully processed CRWD data with 390 rows
2025-02-24 21:37:06 - INFO - Fetched 20 new data frames
2025-02-24 21:37:06 - INFO - Loaded 0 historical data frames
2025-02-24 21:37:06 - INFO - Training XGBoost model...
2025-02-24 21:37:06 - INFO - Model trained with F2 score: 0.4643
2025-02-24 21:37:06 - INFO - Model and scaler saved successfully
2025-02-24 21:37:06 - INFO - Model training completed successfully
2025-02-24 21:37:06 - INFO - Model training completed successfully
2025-02-24 21:37:15 - INFO - Config loaded successfully from local_config.py
2025-02-24 21:37:15 - INFO - Starting immediate ML model training
2025-02-24 21:37:15 - INFO - Connecting to MongoDB: mongodb+srv://shadowguy311:tanki12@cluster0.yjmg8.mongodb.net/?retryWrites=true&w=majority&appName=Cluster0
2025-02-24 21:37:15 - INFO - Initializing ML predictor and trainer
2025-02-24 21:37:15 - INFO - Model and scaler loaded successfully
2025-02-24 21:37:15 - INFO - Running model training
2025-02-24 21:37:15 - INFO - Starting model training process
2025-02-24 21:37:15 - INFO - Selected 20 tickers for training: ['ASML', 'BIIB', 'AVGO', 'ADSK', 'META', 'EA', 'AMD', 'CSCO', 'ANSS', 'WBD', 'MSTR', 'CMCSA', 'ADBE', 'AMGN', 'ISRG', 'COST', 'CTAS', 'ADI', 'KHC', 'CRWD']
2025-02-24 21:37:15 - INFO - Fetching intraday data for ASML
2025-02-24 21:37:16 - INFO - Successfully processed ASML data with 390 rows
2025-02-24 21:37:16 - INFO - Fetching intraday data for BIIB
2025-02-24 21:37:16 - INFO - Successfully processed BIIB data with 390 rows
2025-02-24 21:37:16 - INFO - Fetching intraday data for AVGO
2025-02-24 21:37:16 - INFO - Successfully processed AVGO data with 390 rows
2025-02-24 21:37:16 - INFO - Fetching intraday data for ADSK
2025-02-24 21:37:16 - INFO - Successfully processed ADSK data with 390 rows
2025-02-24 21:37:16 - INFO - Fetching intraday data for META
2025-02-24 21:37:16 - INFO - Successfully processed META data with 390 rows
2025-02-24 21:37:16 - INFO - Fetching intraday data for EA
2025-02-24 21:37:16 - INFO - Successfully processed EA data with 390 rows
2025-02-24 21:37:16 - INFO - Fetching intraday data for AMD
2025-02-24 21:37:16 - INFO - Successfully processed AMD data with 390 rows
2025-02-24 21:37:16 - INFO - Fetching intraday data for CSCO
2025-02-24 21:37:16 - INFO - Successfully processed CSCO data with 390 rows
2025-02-24 21:37:16 - INFO - Fetching intraday data for ANSS
2025-02-24 21:37:16 - INFO - Successfully processed ANSS data with 378 rows
2025-02-24 21:37:16 - INFO - Fetching intraday data for WBD
2025-02-24 21:37:17 - INFO - Successfully processed WBD data with 390 rows
2025-02-24 21:37:17 - INFO - Fetching intraday data for MSTR
2025-02-24 21:37:17 - INFO - Successfully processed MSTR data with 390 rows
2025-02-24 21:37:17 - INFO - Fetching intraday data for CMCSA
2025-02-24 21:37:17 - INFO - Successfully processed CMCSA data with 390 rows
2025-02-24 21:37:17 - INFO - Fetching intraday data for ADBE
2025-02-24 21:37:17 - INFO - Successfully processed ADBE data with 390 rows
2025-02-24 21:37:17 - INFO - Fetching intraday data for AMGN
2025-02-24 21:37:17 - INFO - Successfully processed AMGN data with 390 rows
2025-02-24 21:37:17 - INFO - Fetching intraday data for ISRG
2025-02-24 21:37:17 - INFO - Successfully processed ISRG data with 390 rows
2025-02-24 21:37:17 - INFO - Fetching intraday data for COST
2025-02-24 21:37:17 - INFO - Successfully processed COST data with 390 rows
2025-02-24 21:37:17 - INFO - Fetching intraday data for CTAS
2025-02-24 21:37:17 - INFO - Successfully processed CTAS data with 390 rows
2025-02-24 21:37:17 - INFO - Fetching intraday data for ADI
2025-02-24 21:37:17 - INFO - Successfully processed ADI data with 390 rows
2025-02-24 21:37:17 - INFO - Fetching intraday data for KHC
2025-02-24 21:37:18 - INFO - Successfully processed KHC data with 390 rows
2025-02-24 21:37:18 - INFO - Fetching intraday data for CRWD
2025-02-24 21:37:18 - INFO - Successfully processed CRWD data with 390 rows
2025-02-24 21:37:18 - INFO - Fetched 20 new data frames
2025-02-24 21:37:18 - INFO - Loaded 0 historical data frames
2025-02-24 21:37:18 - INFO - Training XGBoost model...
2025-02-24 21:37:18 - INFO - Model trained with F2 score: 0.4643
2025-02-24 21:37:18 - INFO - Model and scaler saved successfully
2025-02-24 21:37:18 - INFO - Model training completed successfully
2025-02-24 21:37:18 - INFO - Model training completed successfully
2025-02-24 21:37:19 - INFO - Config loaded successfully from local_config.py
2025-02-24 21:37:20 - INFO - Starting immediate ML model training
2025-02-24 21:37:20 - INFO - Connecting to MongoDB: mongodb+srv://shadowguy311:tanki12@cluster0.yjmg8.mongodb.net/?retryWrites=true&w=majority&appName=Cluster0
2025-02-24 21:37:20 - INFO - Initializing ML predictor and trainer
2025-02-24 21:37:20 - INFO - Model and scaler loaded successfully
2025-02-24 21:37:20 - INFO - Running model training
2025-02-24 21:37:20 - INFO - Starting model training process
2025-02-24 21:37:20 - INFO - Selected 20 tickers for training: ['ASML', 'BIIB', 'AVGO', 'ADSK', 'META', 'EA', 'AMD', 'CSCO', 'ANSS', 'WBD', 'MSTR', 'CMCSA', 'ADBE', 'AMGN', 'ISRG', 'COST', 'CTAS', 'ADI', 'KHC', 'CRWD']
2025-02-24 21:37:20 - INFO - Fetching intraday data for ASML
2025-02-24 21:37:21 - INFO - Successfully processed ASML data with 390 rows
2025-02-24 21:37:21 - INFO - Fetching intraday data for BIIB
2025-02-24 21:37:21 - INFO - Successfully processed BIIB data with 390 rows
2025-02-24 21:37:21 - INFO - Fetching intraday data for AVGO
2025-02-24 21:37:21 - INFO - Successfully processed AVGO data with 390 rows
2025-02-24 21:37:21 - INFO - Fetching intraday data for ADSK
2025-02-24 21:37:21 - INFO - Successfully processed ADSK data with 390 rows
2025-02-24 21:37:21 - INFO - Fetching intraday data for META
2025-02-24 21:37:21 - INFO - Successfully processed META data with 390 rows
2025-02-24 21:37:21 - INFO - Fetching intraday data for EA
2025-02-24 21:37:21 - INFO - Successfully processed EA data with 390 rows
2025-02-24 21:37:21 - INFO - Fetching intraday data for AMD
2025-02-24 21:37:21 - INFO - Successfully processed AMD data with 390 rows
2025-02-24 21:37:21 - INFO - Fetching intraday data for CSCO
2025-02-24 21:37:21 - INFO - Successfully processed CSCO data with 390 rows
2025-02-24 21:37:21 - INFO - Fetching intraday data for ANSS
2025-02-24 21:37:21 - INFO - Successfully processed ANSS data with 378 rows
2025-02-24 21:37:21 - INFO - Fetching intraday data for WBD
2025-02-24 21:37:22 - INFO - Successfully processed WBD data with 390 rows
2025-02-24 21:37:22 - INFO - Fetching intraday data for MSTR
2025-02-24 21:37:22 - INFO - Successfully processed MSTR data with 390 rows
2025-02-24 21:37:22 - INFO - Fetching intraday data for CMCSA
2025-02-24 21:37:22 - INFO - Successfully processed CMCSA data with 390 rows
2025-02-24 21:37:22 - INFO - Fetching intraday data for ADBE
2025-02-24 21:37:22 - INFO - Successfully processed ADBE data with 390 rows
2025-02-24 21:37:22 - INFO - Fetching intraday data for AMGN
2025-02-24 21:37:22 - INFO - Successfully processed AMGN data with 390 rows
2025-02-24 21:37:22 - INFO - Fetching intraday data for ISRG
2025-02-24 21:37:22 - INFO - Successfully processed ISRG data with 390 rows
2025-02-24 21:37:22 - INFO - Fetching intraday data for COST
2025-02-24 21:37:22 - INFO - Successfully processed COST data with 390 rows
2025-02-24 21:37:22 - INFO - Fetching intraday data for CTAS
2025-02-24 21:37:22 - INFO - Successfully processed CTAS data with 390 rows
2025-02-24 21:37:22 - INFO - Fetching intraday data for ADI
2025-02-24 21:37:22 - INFO - Successfully processed ADI data with 390 rows
2025-02-24 21:37:22 - INFO - Fetching intraday data for KHC
2025-02-24 21:37:22 - INFO - Successfully processed KHC data with 390 rows
2025-02-24 21:37:22 - INFO - Fetching intraday data for CRWD
2025-02-24 21:37:23 - INFO - Successfully processed CRWD data with 390 rows
2025-02-24 21:37:23 - INFO - Fetched 20 new data frames
2025-02-24 21:37:23 - INFO - Loaded 0 historical data frames
2025-02-24 21:37:23 - INFO - Training XGBoost model...
2025-02-24 21:37:23 - INFO - Model trained with F2 score: 0.4643
2025-02-24 21:37:23 - INFO - Model and scaler saved successfully
2025-02-24 21:37:23 - INFO - Model training completed successfully
2025-02-24 21:37:23 - INFO - Model training completed successfully
2025-02-24 21:37:24 - INFO - Config loaded successfully from local_config.py
2025-02-24 21:37:24 - INFO - Starting immediate ML model training
2025-02-24 21:37:24 - INFO - Connecting to MongoDB: mongodb+srv://shadowguy311:tanki12@cluster0.yjmg8.mongodb.net/?retryWrites=true&w=majority&appName=Cluster0
2025-02-24 21:37:24 - INFO - Initializing ML predictor and trainer
2025-02-24 21:37:24 - INFO - Model and scaler loaded successfully
2025-02-24 21:37:24 - INFO - Running model training
2025-02-24 21:37:24 - INFO - Starting model training process
2025-02-24 21:37:25 - INFO - Selected 20 tickers for training: ['ASML', 'BIIB', 'AVGO', 'ADSK', 'META', 'EA', 'AMD', 'CSCO', 'ANSS', 'WBD', 'MSTR', 'CMCSA', 'ADBE', 'AMGN', 'ISRG', 'COST', 'CTAS', 'ADI', 'KHC', 'CRWD']
2025-02-24 21:37:25 - INFO - Fetching intraday data for ASML
2025-02-24 21:37:25 - INFO - Successfully processed ASML data with 390 rows
2025-02-24 21:37:25 - INFO - Fetching intraday data for BIIB
2025-02-24 21:37:25 - INFO - Successfully processed BIIB data with 390 rows
2025-02-24 21:37:25 - INFO - Fetching intraday data for AVGO
2025-02-24 21:37:25 - INFO - Successfully processed AVGO data with 390 rows
2025-02-24 21:37:25 - INFO - Fetching intraday data for ADSK
2025-02-24 21:37:25 - INFO - Successfully processed ADSK data with 390 rows
2025-02-24 21:37:25 - INFO - Fetching intraday data for META
2025-02-24 21:37:25 - INFO - Successfully processed META data with 390 rows
2025-02-24 21:37:25 - INFO - Fetching intraday data for EA
2025-02-24 21:37:25 - INFO - Successfully processed EA data with 390 rows
2025-02-24 21:37:25 - INFO - Fetching intraday data for AMD
2025-02-24 21:37:26 - INFO - Successfully processed AMD data with 390 rows
2025-02-24 21:37:26 - INFO - Fetching intraday data for CSCO
2025-02-24 21:37:26 - INFO - Successfully processed CSCO data with 390 rows
2025-02-24 21:37:26 - INFO - Fetching intraday data for ANSS
2025-02-24 21:37:26 - INFO - Successfully processed ANSS data with 378 rows
2025-02-24 21:37:26 - INFO - Fetching intraday data for WBD
2025-02-24 21:37:26 - INFO - Successfully processed WBD data with 390 rows
2025-02-24 21:37:26 - INFO - Fetching intraday data for MSTR
2025-02-24 21:37:26 - INFO - Successfully processed MSTR data with 390 rows
2025-02-24 21:37:26 - INFO - Fetching intraday data for CMCSA
2025-02-24 21:37:26 - INFO - Successfully processed CMCSA data with 390 rows
2025-02-24 21:37:26 - INFO - Fetching intraday data for ADBE
2025-02-24 21:37:26 - INFO - Successfully processed ADBE data with 390 rows
2025-02-24 21:37:26 - INFO - Fetching intraday data for AMGN
2025-02-24 21:37:26 - INFO - Successfully processed AMGN data with 390 rows
2025-02-24 21:37:26 - INFO - Fetching intraday data for ISRG
2025-02-24 21:37:26 - INFO - Successfully processed ISRG data with 390 rows
2025-02-24 21:37:26 - INFO - Fetching intraday data for COST
2025-02-24 21:37:27 - INFO - Successfully processed COST data with 390 rows
2025-02-24 21:37:27 - INFO - Fetching intraday data for CTAS
2025-02-24 21:37:27 - INFO - Successfully processed CTAS data with 390 rows
2025-02-24 21:37:27 - INFO - Fetching intraday data for ADI
2025-02-24 21:37:27 - INFO - Successfully processed ADI data with 390 rows
2025-02-24 21:37:27 - INFO - Fetching intraday data for KHC
2025-02-24 21:37:27 - INFO - Successfully processed KHC data with 390 rows
2025-02-24 21:37:27 - INFO - Fetching intraday data for CRWD
2025-02-24 21:37:27 - INFO - Successfully processed CRWD data with 390 rows
2025-02-24 21:37:27 - INFO - Fetched 20 new data frames
2025-02-24 21:37:27 - INFO - Loaded 0 historical data frames
2025-02-24 21:37:27 - INFO - Training XGBoost model...
2025-02-24 21:37:27 - INFO - Model trained with F2 score: 0.4643
2025-02-24 21:37:27 - INFO - Model and scaler saved successfully
2025-02-24 21:37:27 - INFO - Model training completed successfully
2025-02-24 21:37:27 - INFO - Model training completed successfully
2025-02-24 21:37:28 - INFO - Config loaded successfully from local_config.py
2025-02-24 21:37:29 - INFO - Starting immediate ML model training
2025-02-24 21:37:29 - INFO - Connecting to MongoDB: mongodb+srv://shadowguy311:tanki12@cluster0.yjmg8.mongodb.net/?retryWrites=true&w=majority&appName=Cluster0
2025-02-24 21:37:29 - INFO - Initializing ML predictor and trainer
2025-02-24 21:37:29 - INFO - Model and scaler loaded successfully
2025-02-24 21:37:29 - INFO - Running model training
2025-02-24 21:37:29 - INFO - Starting model training process
2025-02-24 21:37:29 - INFO - Selected 20 tickers for training: ['ASML', 'BIIB', 'AVGO', 'ADSK', 'META', 'EA', 'AMD', 'CSCO', 'ANSS', 'WBD', 'MSTR', 'CMCSA', 'ADBE', 'AMGN', 'ISRG', 'COST', 'CTAS', 'ADI', 'KHC', 'CRWD']
2025-02-24 21:37:29 - INFO - Fetching intraday data for ASML
2025-02-24 21:37:29 - INFO - Successfully processed ASML data with 390 rows
2025-02-24 21:37:29 - INFO - Fetching intraday data for BIIB
2025-02-24 21:37:30 - INFO - Successfully processed BIIB data with 390 rows
2025-02-24 21:37:30 - INFO - Fetching intraday data for AVGO
2025-02-24 21:37:30 - INFO - Successfully processed AVGO data with 390 rows
2025-02-24 21:37:30 - INFO - Fetching intraday data for ADSK
2025-02-24 21:37:30 - INFO - Successfully processed ADSK data with 390 rows
2025-02-24 21:37:30 - INFO - Fetching intraday data for META
2025-02-24 21:37:30 - INFO - Successfully processed META data with 390 rows
2025-02-24 21:37:30 - INFO - Fetching intraday data for EA
2025-02-24 21:37:30 - INFO - Successfully processed EA data with 390 rows
2025-02-24 21:37:30 - INFO - Fetching intraday data for AMD
2025-02-24 21:37:30 - INFO - Successfully processed AMD data with 390 rows
2025-02-24 21:37:30 - INFO - Fetching intraday data for CSCO
2025-02-24 21:37:31 - INFO - Successfully processed CSCO data with 390 rows
2025-02-24 21:37:31 - INFO - Fetching intraday data for ANSS
2025-02-24 21:37:31 - INFO - Successfully processed ANSS data with 378 rows
2025-02-24 21:37:31 - INFO - Fetching intraday data for WBD
2025-02-24 21:37:31 - INFO - Successfully processed WBD data with 390 rows
2025-02-24 21:37:31 - INFO - Fetching intraday data for MSTR
2025-02-24 21:37:31 - INFO - Successfully processed MSTR data with 390 rows
2025-02-24 21:37:31 - INFO - Fetching intraday data for CMCSA
2025-02-24 21:37:31 - INFO - Successfully processed CMCSA data with 390 rows
2025-02-24 21:37:31 - INFO - Fetching intraday data for ADBE
2025-02-24 21:37:31 - INFO - Successfully processed ADBE data with 390 rows
2025-02-24 21:37:31 - INFO - Fetching intraday data for AMGN
2025-02-24 21:37:31 - INFO - Successfully processed AMGN data with 390 rows
2025-02-24 21:37:31 - INFO - Fetching intraday data for ISRG
2025-02-24 21:37:31 - INFO - Successfully processed ISRG data with 390 rows
2025-02-24 21:37:31 - INFO - Fetching intraday data for COST
2025-02-24 21:37:31 - INFO - Successfully processed COST data with 390 rows
2025-02-24 21:37:31 - INFO - Fetching intraday data for CTAS
2025-02-24 21:37:32 - INFO - Successfully processed CTAS data with 390 rows
2025-02-24 21:37:32 - INFO - Fetching intraday data for ADI
2025-02-24 21:37:32 - INFO - Successfully processed ADI data with 390 rows
2025-02-24 21:37:32 - INFO - Fetching intraday data for KHC
2025-02-24 21:37:32 - INFO - Successfully processed KHC data with 390 rows
2025-02-24 21:37:32 - INFO - Fetching intraday data for CRWD
2025-02-24 21:37:32 - INFO - Successfully processed CRWD data with 390 rows
2025-02-24 21:37:32 - INFO - Fetched 20 new data frames
2025-02-24 21:37:32 - INFO - Loaded 0 historical data frames
2025-02-24 21:37:32 - INFO - Training XGBoost model...
2025-02-24 21:37:32 - INFO - Model trained with F2 score: 0.4643
2025-02-24 21:37:32 - INFO - Model and scaler saved successfully
2025-02-24 21:37:32 - INFO - Model training completed successfully
2025-02-24 21:37:32 - INFO - Model training completed successfully
2025-02-24 21:37:35 - INFO - Config loaded successfully from local_config.py
2025-02-24 21:37:35 - INFO - Starting immediate ML model training
2025-02-24 21:37:35 - INFO - Connecting to MongoDB: mongodb+srv://shadowguy311:tanki12@cluster0.yjmg8.mongodb.net/?retryWrites=true&w=majority&appName=Cluster0
2025-02-24 21:37:36 - INFO - Initializing ML predictor and trainer
2025-02-24 21:37:36 - INFO - Model and scaler loaded successfully
2025-02-24 21:37:36 - INFO - Running model training
2025-02-24 21:37:36 - INFO - Starting model training process
2025-02-24 21:37:36 - INFO - Selected 20 tickers for training: ['ASML', 'BIIB', 'AVGO', 'ADSK', 'META', 'EA', 'AMD', 'CSCO', 'ANSS', 'WBD', 'MSTR', 'CMCSA', 'ADBE', 'AMGN', 'ISRG', 'COST', 'CTAS', 'ADI', 'KHC', 'CRWD']
2025-02-24 21:37:36 - INFO - Fetching intraday data for ASML
2025-02-24 21:37:36 - INFO - Successfully processed ASML data with 390 rows
2025-02-24 21:37:36 - INFO - Fetching intraday data for BIIB
2025-02-24 21:37:36 - INFO - Successfully processed BIIB data with 390 rows
2025-02-24 21:37:36 - INFO - Fetching intraday data for AVGO
2025-02-24 21:37:36 - INFO - Successfully processed AVGO data with 390 rows
2025-02-24 21:37:36 - INFO - Fetching intraday data for ADSK
2025-02-24 21:37:36 - INFO - Successfully processed ADSK data with 390 rows
2025-02-24 21:37:36 - INFO - Fetching intraday data for META
2025-02-24 21:37:37 - INFO - Successfully processed META data with 390 rows
2025-02-24 21:37:37 - INFO - Fetching intraday data for EA
2025-02-24 21:37:37 - INFO - Successfully processed EA data with 390 rows
2025-02-24 21:37:37 - INFO - Fetching intraday data for AMD
2025-02-24 21:37:37 - INFO - Successfully processed AMD data with 390 rows
2025-02-24 21:37:37 - INFO - Fetching intraday data for CSCO
2025-02-24 21:37:37 - INFO - Successfully processed CSCO data with 390 rows
2025-02-24 21:37:37 - INFO - Fetching intraday data for ANSS
2025-02-24 21:37:37 - INFO - Successfully processed ANSS data with 378 rows
2025-02-24 21:37:37 - INFO - Fetching intraday data for WBD
2025-02-24 21:37:37 - INFO - Successfully processed WBD data with 390 rows
2025-02-24 21:37:37 - INFO - Fetching intraday data for MSTR
2025-02-24 21:37:37 - INFO - Successfully processed MSTR data with 390 rows
2025-02-24 21:37:37 - INFO - Fetching intraday data for CMCSA
2025-02-24 21:37:37 - INFO - Successfully processed CMCSA data with 390 rows
2025-02-24 21:37:37 - INFO - Fetching intraday data for ADBE
2025-02-24 21:37:37 - INFO - Successfully processed ADBE data with 390 rows
2025-02-24 21:37:37 - INFO - Fetching intraday data for AMGN
2025-02-24 21:37:37 - INFO - Successfully processed AMGN data with 390 rows
2025-02-24 21:37:37 - INFO - Fetching intraday data for ISRG
2025-02-24 21:37:37 - INFO - Successfully processed ISRG data with 390 rows
2025-02-24 21:37:37 - INFO - Fetching intraday data for COST
2025-02-24 21:37:38 - INFO - Successfully processed COST data with 390 rows
2025-02-24 21:37:38 - INFO - Fetching intraday data for CTAS
2025-02-24 21:37:38 - INFO - Successfully processed CTAS data with 390 rows
2025-02-24 21:37:38 - INFO - Fetching intraday data for ADI
2025-02-24 21:37:38 - INFO - Successfully processed ADI data with 390 rows
2025-02-24 21:37:38 - INFO - Fetching intraday data for KHC
2025-02-24 21:37:38 - INFO - Successfully processed KHC data with 390 rows
2025-02-24 21:37:38 - INFO - Fetching intraday data for CRWD
2025-02-24 21:37:38 - INFO - Successfully processed CRWD data with 390 rows
2025-02-24 21:37:38 - INFO - Fetched 20 new data frames
2025-02-24 21:37:38 - INFO - Loaded 0 historical data frames
2025-02-24 21:37:38 - INFO - Training XGBoost model...
2025-02-24 21:37:38 - INFO - Model trained with F2 score: 0.4643
2025-02-24 21:37:38 - INFO - Model and scaler saved successfully
2025-02-24 21:37:38 - INFO - Model training completed successfully
2025-02-24 21:37:38 - INFO - Model training completed successfully
2025-02-24 21:37:40 - INFO - Config loaded successfully from local_config.py
2025-02-24 21:37:40 - INFO - Starting immediate ML model training
2025-02-24 21:37:40 - INFO - Connecting to MongoDB: mongodb+srv://shadowguy311:tanki12@cluster0.yjmg8.mongodb.net/?retryWrites=true&w=majority&appName=Cluster0
2025-02-24 21:37:40 - INFO - Initializing ML predictor and trainer
2025-02-24 21:37:40 - INFO - Model and scaler loaded successfully
2025-02-24 21:37:40 - INFO - Running model training
2025-02-24 21:37:40 - INFO - Starting model training process
2025-02-24 21:37:41 - INFO - Selected 20 tickers for training: ['ASML', 'BIIB', 'AVGO', 'ADSK', 'META', 'EA', 'AMD', 'CSCO', 'ANSS', 'WBD', 'MSTR', 'CMCSA', 'ADBE', 'AMGN', 'ISRG', 'COST', 'CTAS', 'ADI', 'KHC', 'CRWD']
2025-02-24 21:37:41 - INFO - Fetching intraday data for ASML
2025-02-24 21:37:41 - INFO - Successfully processed ASML data with 390 rows
2025-02-24 21:37:41 - INFO - Fetching intraday data for BIIB
2025-02-24 21:37:41 - INFO - Successfully processed BIIB data with 390 rows
2025-02-24 21:37:41 - INFO - Fetching intraday data for AVGO
2025-02-24 21:37:41 - INFO - Successfully processed AVGO data with 390 rows
2025-02-24 21:37:41 - INFO - Fetching intraday data for ADSK
2025-02-24 21:37:41 - INFO - Successfully processed ADSK data with 390 rows
2025-02-24 21:37:41 - INFO - Fetching intraday data for META
2025-02-24 21:37:41 - INFO - Successfully processed META data with 390 rows
2025-02-24 21:37:41 - INFO - Fetching intraday data for EA
2025-02-24 21:37:41 - INFO - Successfully processed EA data with 390 rows
2025-02-24 21:37:41 - INFO - Fetching intraday data for AMD
2025-02-24 21:37:41 - INFO - Successfully processed AMD data with 390 rows
2025-02-24 21:37:41 - INFO - Fetching intraday data for CSCO
2025-02-24 21:37:41 - INFO - Successfully processed CSCO data with 390 rows
2025-02-24 21:37:41 - INFO - Fetching intraday data for ANSS
2025-02-24 21:37:42 - INFO - Successfully processed ANSS data with 378 rows
2025-02-24 21:37:42 - INFO - Fetching intraday data for WBD
2025-02-24 21:37:42 - INFO - Successfully processed WBD data with 390 rows
2025-02-24 21:37:42 - INFO - Fetching intraday data for MSTR
2025-02-24 21:37:42 - INFO - Successfully processed MSTR data with 390 rows
2025-02-24 21:37:42 - INFO - Fetching intraday data for CMCSA
2025-02-24 21:37:42 - INFO - Successfully processed CMCSA data with 390 rows
2025-02-24 21:37:42 - INFO - Fetching intraday data for ADBE
2025-02-24 21:37:42 - INFO - Successfully processed ADBE data with 390 rows
2025-02-24 21:37:42 - INFO - Fetching intraday data for AMGN
2025-02-24 21:37:42 - INFO - Successfully processed AMGN data with 390 rows
2025-02-24 21:37:42 - INFO - Fetching intraday data for ISRG
2025-02-24 21:37:42 - INFO - Successfully processed ISRG data with 390 rows
2025-02-24 21:37:42 - INFO - Fetching intraday data for COST
2025-02-24 21:37:42 - INFO - Successfully processed COST data with 390 rows
2025-02-24 21:37:42 - INFO - Fetching intraday data for CTAS
2025-02-24 21:37:42 - INFO - Successfully processed CTAS data with 390 rows
2025-02-24 21:37:42 - INFO - Fetching intraday data for ADI
2025-02-24 21:37:42 - INFO - Successfully processed ADI data with 390 rows
2025-02-24 21:37:42 - INFO - Fetching intraday data for KHC
2025-02-24 21:37:42 - INFO - Successfully processed KHC data with 390 rows
2025-02-24 21:37:42 - INFO - Fetching intraday data for CRWD
2025-02-24 21:37:43 - INFO - Successfully processed CRWD data with 390 rows
2025-02-24 21:37:43 - INFO - Fetched 20 new data frames
2025-02-24 21:37:43 - INFO - Loaded 0 historical data frames
2025-02-24 21:37:43 - INFO - Training XGBoost model...
2025-02-24 21:37:43 - INFO - Model trained with F2 score: 0.4643
2025-02-24 21:37:43 - INFO - Model and scaler saved successfully
2025-02-24 21:37:43 - INFO - Model training completed successfully
2025-02-24 21:37:43 - INFO - Model training completed successfully
